<?xml version="1.0" encoding="UTF-8"?>
<!-- Generated by org.testng.reporters.JUnitXMLReporter -->
<testsuite ignored="0" hostname="DESKTOP-4P4T2K1" failures="0" tests="3" name="Default test" time="65.144" errors="0" timestamp="2021-01-21T16:13:44 IST">
  <testcase classname="flipkart.ExtentReportTest" name="test1" time="17.273"/>
  <testcase classname="flipkart.ExtentReportTest" name="test1" time="9.647"/>
  <testcase classname="flipkart.ExtentReportTest" name="test1" time="4.586"/>
</testsuite> <!-- Default test -->
