<?xml version="1.0" encoding="UTF-8"?>
<testng-results ignored="0" total="3" passed="3" failed="0" skipped="0">
  <reporter-output>
  </reporter-output>
  <suite started-at="2021-01-21T16:31:43 IST" name="Suite" finished-at="2021-01-21T16:33:12 IST" duration-ms="88601">
    <groups>
    </groups>
    <test started-at="2021-01-21T16:31:43 IST" name="Test" finished-at="2021-01-21T16:33:12 IST" duration-ms="88601">
      <class name="flipkart.ExtentReportTest">
        <test-method is-config="true" signature="setUp()[pri:0, instance:flipkart.ExtentReportTest@58d75e99]" started-at="2021-01-21T16:31:43 IST" name="setUp" finished-at="2021-01-21T16:31:43 IST" duration-ms="202" status="PASS">
          <reporter-output>
          </reporter-output>
        </test-method> <!-- setUp -->
        <test-method is-config="true" signature="setTest()[pri:0, instance:flipkart.ExtentReportTest@58d75e99]" started-at="2021-01-21T16:31:43 IST" name="setTest" finished-at="2021-01-21T16:32:29 IST" duration-ms="45860" status="PASS">
          <reporter-output>
          </reporter-output>
        </test-method> <!-- setTest -->
        <test-method signature="test1(java.lang.String, java.lang.String)[pri:0, instance:flipkart.ExtentReportTest@58d75e99]" started-at="2021-01-21T16:32:35 IST" name="test1" data-provider="test11" finished-at="2021-01-21T16:32:51 IST" duration-ms="15980" status="PASS">
          <params>
            <param index="0">
              <value>
                <![CDATA[mac@gmail.com]]>
              </value>
            </param>
            <param index="1">
              <value>
                <![CDATA[mac@34]]>
              </value>
            </param>
          </params>
          <reporter-output>
          </reporter-output>
        </test-method> <!-- test1 -->
        <test-method signature="test1(java.lang.String, java.lang.String)[pri:0, instance:flipkart.ExtentReportTest@58d75e99]" started-at="2021-01-21T16:32:51 IST" name="test1" data-provider="test11" finished-at="2021-01-21T16:33:04 IST" duration-ms="12967" status="PASS">
          <params>
            <param index="0">
              <value>
                <![CDATA[jay@gmail.com]]>
              </value>
            </param>
            <param index="1">
              <value>
                <![CDATA[jy@33]]>
              </value>
            </param>
          </params>
          <reporter-output>
          </reporter-output>
        </test-method> <!-- test1 -->
        <test-method signature="test1(java.lang.String, java.lang.String)[pri:0, instance:flipkart.ExtentReportTest@58d75e99]" started-at="2021-01-21T16:33:04 IST" name="test1" data-provider="test11" finished-at="2021-01-21T16:33:07 IST" duration-ms="3612" status="PASS">
          <params>
            <param index="0">
              <value>
                <![CDATA[ashwiniwahatule15@gmail.com]]>
              </value>
            </param>
            <param index="1">
              <value>
                <![CDATA[ash1515]]>
              </value>
            </param>
          </params>
          <reporter-output>
          </reporter-output>
        </test-method> <!-- test1 -->
        <test-method is-config="true" signature="tearDown()[pri:0, instance:flipkart.ExtentReportTest@58d75e99]" started-at="2021-01-21T16:33:07 IST" name="tearDown" finished-at="2021-01-21T16:33:12 IST" duration-ms="4246" status="PASS">
          <reporter-output>
          </reporter-output>
        </test-method> <!-- tearDown -->
        <test-method is-config="true" signature="afterMethod()[pri:0, instance:flipkart.ExtentReportTest@58d75e99]" started-at="2021-01-21T16:33:12 IST" name="afterMethod" finished-at="2021-01-21T16:33:28 IST" duration-ms="15653" status="FAIL">
          <exception class="org.openqa.selenium.NoSuchSessionException">
            <message>
              <![CDATA[Tried to run command without establishing a connection
Build info: version: '4.0.0-alpha-7', revision: 'de8579b6d5'
System info: host: 'DESKTOP-4P4T2K1', ip: '192.168.43.155', os.name: 'Windows 10', os.arch: 'amd64', os.version: '10.0', java.version: '15.0.1'
Driver info: org.openqa.selenium.firefox.FirefoxDriver
Capabilities {acceptInsecureCerts: true, browserName: firefox, browserVersion: 84.0.2, javascriptEnabled: true, moz:accessibilityChecks: false, moz:buildID: 20210105180113, moz:geckodriverVersion: 0.28.0, moz:headless: false, moz:processID: 18628, moz:profile: C:\Users\DELL\AppData\Local..., moz:shutdownTimeout: 60000, moz:useNonSpecCompliantPointerOrigin: false, moz:webdriverClick: true, pageLoadStrategy: normal, platform: WINDOWS, platformName: WINDOWS, platformVersion: 10.0, rotatable: false, setWindowRect: true, strictFileInteractability: false, timeouts: {implicit: 0, pageLoad: 300000, script: 30000}, unhandledPromptBehavior: dismiss and notify}
Session ID: 402a8f59-366e-4adc-b217-b6112b2e9024]]>
            </message>
            <full-stacktrace>
              <![CDATA[org.openqa.selenium.NoSuchSessionException: Tried to run command without establishing a connection
Build info: version: '4.0.0-alpha-7', revision: 'de8579b6d5'
System info: host: 'DESKTOP-4P4T2K1', ip: '192.168.43.155', os.name: 'Windows 10', os.arch: 'amd64', os.version: '10.0', java.version: '15.0.1'
Driver info: org.openqa.selenium.firefox.FirefoxDriver
Capabilities {acceptInsecureCerts: true, browserName: firefox, browserVersion: 84.0.2, javascriptEnabled: true, moz:accessibilityChecks: false, moz:buildID: 20210105180113, moz:geckodriverVersion: 0.28.0, moz:headless: false, moz:processID: 18628, moz:profile: C:\Users\DELL\AppData\Local..., moz:shutdownTimeout: 60000, moz:useNonSpecCompliantPointerOrigin: false, moz:webdriverClick: true, pageLoadStrategy: normal, platform: WINDOWS, platformName: WINDOWS, platformVersion: 10.0, rotatable: false, setWindowRect: true, strictFileInteractability: false, timeouts: {implicit: 0, pageLoad: 300000, script: 30000}, unhandledPromptBehavior: dismiss and notify}
Session ID: 402a8f59-366e-4adc-b217-b6112b2e9024
at java.base/jdk.internal.reflect.NativeConstructorAccessorImpl.newInstance0(Native Method)
at java.base/jdk.internal.reflect.NativeConstructorAccessorImpl.newInstance(NativeConstructorAccessorImpl.java:64)
at java.base/jdk.internal.reflect.DelegatingConstructorAccessorImpl.newInstance(DelegatingConstructorAccessorImpl.java:45)
at java.base/java.lang.reflect.Constructor.newInstanceWithCaller(Constructor.java:500)
at java.base/java.lang.reflect.Constructor.newInstance(Constructor.java:481)
at org.openqa.selenium.remote.codec.w3c.W3CHttpResponseCodec.createException(W3CHttpResponseCodec.java:196)
at org.openqa.selenium.remote.codec.w3c.W3CHttpResponseCodec.decode(W3CHttpResponseCodec.java:129)
at org.openqa.selenium.remote.codec.w3c.W3CHttpResponseCodec.decode(W3CHttpResponseCodec.java:53)
at org.openqa.selenium.remote.HttpCommandExecutor.execute(HttpCommandExecutor.java:167)
at org.openqa.selenium.remote.service.DriverCommandExecutor.lambda$execute$0(DriverCommandExecutor.java:89)
at java.base/java.util.concurrent.CompletableFuture$AsyncSupply.run(CompletableFuture.java:1764)
at java.base/java.util.concurrent.CompletableFuture$AsyncSupply.exec(CompletableFuture.java:1756)
at java.base/java.util.concurrent.ForkJoinTask.doExec(ForkJoinTask.java:290)
at java.base/java.util.concurrent.ForkJoinPool$WorkQueue.topLevelExec(ForkJoinPool.java:1016)
at java.base/java.util.concurrent.ForkJoinPool.scan(ForkJoinPool.java:1665)
at java.base/java.util.concurrent.ForkJoinPool.runWorker(ForkJoinPool.java:1598)
at java.base/java.util.concurrent.ForkJoinWorkerThread.run(ForkJoinWorkerThread.java:183)
]]>
            </full-stacktrace>
          </exception> <!-- org.openqa.selenium.NoSuchSessionException -->
          <reporter-output>
          </reporter-output>
        </test-method> <!-- afterMethod -->
      </class> <!-- flipkart.ExtentReportTest -->
    </test> <!-- Test -->
  </suite> <!-- Suite -->
</testng-results>
