<?xml version="1.0" encoding="UTF-8"?>
<!-- Generated by org.testng.reporters.JUnitXMLReporter -->
<testsuite ignored="0" hostname="DESKTOP-4P4T2K1" failures="0" tests="3" name="Test" time="88.601" errors="0" timestamp="2021-01-21T16:33:12 IST">
  <testcase classname="flipkart.ExtentReportTest" name="test1" time="15.98"/>
  <testcase classname="flipkart.ExtentReportTest" name="test1" time="12.967"/>
  <testcase classname="flipkart.ExtentReportTest" name="test1" time="3.612"/>
</testsuite> <!-- Test -->
